<?xml version="1.0" encoding="UTF-8"?>
<!-- Generated by org.testng.reporters.JUnitReportReporter -->
<testsuite skipped="0" hostname="LAPTOP-5DKHQOU9" name="com.salesforce.LoginTest" tests="1" failures="0" timestamp="2022-04-11T15:29:23 IST" time="17.893" errors="0">
  <testcase name="loginTest" time="17.893" classname="com.salesforce.LoginTest"/>
  <system-out/>
</testsuite> <!-- com.salesforce.LoginTest -->
